0 verbose cli /usr/local/bin/node /usr/local/bin/npm
1 info using npm@10.8.2
2 info using node@v20.19.0
3 silly config load:file:/usr/local/lib/node_modules/npm/npmrc
4 silly config load:file:/data/.npmrc
5 silly config load:file:/usr/src/node-red/.npmrc
6 silly config load:file:/usr/local/etc/npmrc
7 verbose title npm install node-red-dashboard@3.6.5
8 verbose argv "install" "--no-audit" "--no-update-notifier" "--no-fund" "--save" "--save-prefix" "~" "--omit" "dev" "--engine-strict" "node-red-dashboard@3.6.5"
9 verbose logfile logs-max:10 dir:/data/.npm/_logs/2025-04-23T14_02_56_795Z-
10 verbose logfile /data/.npm/_logs/2025-04-23T14_02_56_795Z-debug-0.log
11 silly packumentCache heap:2197815296 maxSize:549453824 maxEntrySize:274726912
12 silly logfile done cleaning log files
13 silly idealTree buildDeps
14 silly fetch manifest node-red-dashboard@3.6.5
15 silly packumentCache full:https://registry.npmjs.org/node-red-dashboard cache-miss
16 http fetch GET 200 https://registry.npmjs.org/node-red-dashboard 212ms (cache miss)
17 silly packumentCache full:https://registry.npmjs.org/node-red-dashboard set size:undefined disposed:false
18 silly placeDep ROOT node-red-dashboard@3.6.5 OK for: node-red-project@0.0.1 want: 3.6.5
19 silly fetch manifest compression@^1.7.4
20 silly packumentCache full:https://registry.npmjs.org/compression cache-miss
21 silly fetch manifest gridstack@^0.6.4
22 silly packumentCache full:https://registry.npmjs.org/gridstack cache-miss
23 silly fetch manifest serve-static@^1.15.0
24 silly packumentCache full:https://registry.npmjs.org/serve-static cache-miss
25 http fetch GET 200 https://registry.npmjs.org/compression 56ms (cache miss)
26 silly packumentCache full:https://registry.npmjs.org/compression set size:undefined disposed:false
27 silly fetch manifest socket.io@^4.7.4
28 silly packumentCache full:https://registry.npmjs.org/socket.io cache-miss
29 http fetch GET 200 https://registry.npmjs.org/serve-static 111ms (cache updated)
30 silly packumentCache full:https://registry.npmjs.org/serve-static set size:undefined disposed:false
31 http fetch GET 200 https://registry.npmjs.org/gridstack 118ms (cache miss)
32 silly packumentCache full:https://registry.npmjs.org/gridstack set size:undefined disposed:false
33 http fetch GET 200 https://registry.npmjs.org/socket.io 64ms (cache miss)
34 silly packumentCache full:https://registry.npmjs.org/socket.io set size:undefined disposed:false
35 silly placeDep ROOT compression@1.8.0 OK for: node-red-dashboard@3.6.5 want: ^1.7.4
36 silly placeDep ROOT gridstack@0.6.4 OK for: node-red-dashboard@3.6.5 want: ^0.6.4
37 silly placeDep ROOT serve-static@1.16.2 OK for: node-red-dashboard@3.6.5 want: ^1.15.0
38 silly placeDep ROOT socket.io@4.8.1 OK for: node-red-dashboard@3.6.5 want: ^4.7.4
39 silly fetch manifest bytes@3.1.2
40 silly packumentCache full:https://registry.npmjs.org/bytes cache-miss
41 silly fetch manifest compressible@~2.0.18
42 silly packumentCache full:https://registry.npmjs.org/compressible cache-miss
43 silly fetch manifest debug@2.6.9
44 silly packumentCache full:https://registry.npmjs.org/debug cache-miss
45 http fetch GET 200 https://registry.npmjs.org/compressible 33ms (cache miss)
46 silly packumentCache full:https://registry.npmjs.org/compressible set size:undefined disposed:false
47 silly fetch manifest negotiator@~0.6.4
48 silly packumentCache full:https://registry.npmjs.org/negotiator cache-miss
49 http fetch GET 200 https://registry.npmjs.org/bytes 41ms (cache updated)
50 silly packumentCache full:https://registry.npmjs.org/bytes set size:undefined disposed:false
51 silly fetch manifest on-headers@~1.0.2
52 silly packumentCache full:https://registry.npmjs.org/on-headers cache-miss
53 http fetch GET 200 https://registry.npmjs.org/debug 50ms (cache updated)
54 silly packumentCache full:https://registry.npmjs.org/debug set size:undefined disposed:false
55 silly fetch manifest vary@~1.1.2
56 silly packumentCache full:https://registry.npmjs.org/vary cache-miss
57 http fetch GET 200 https://registry.npmjs.org/negotiator 40ms (cache updated)
58 silly packumentCache full:https://registry.npmjs.org/negotiator set size:undefined disposed:false
59 silly fetch manifest jquery@^1.8 || 2 || 3
60 silly packumentCache full:https://registry.npmjs.org/jquery cache-miss
61 http fetch GET 200 https://registry.npmjs.org/on-headers 50ms (cache updated)
62 silly packumentCache full:https://registry.npmjs.org/on-headers set size:undefined disposed:false
63 silly fetch manifest send@0.19.0
64 silly packumentCache full:https://registry.npmjs.org/send cache-miss
65 http fetch GET 200 https://registry.npmjs.org/vary 55ms (cache updated)
66 silly packumentCache full:https://registry.npmjs.org/vary set size:undefined disposed:false
67 silly fetch manifest parseurl@~1.3.3
68 silly packumentCache full:https://registry.npmjs.org/parseurl cache-miss
69 http fetch GET 200 https://registry.npmjs.org/send 45ms (cache updated)
70 silly packumentCache full:https://registry.npmjs.org/send set size:undefined disposed:false
71 silly fetch manifest encodeurl@~2.0.0
72 silly packumentCache full:https://registry.npmjs.org/encodeurl cache-miss
73 http fetch GET 200 https://registry.npmjs.org/jquery 64ms (cache miss)
74 silly packumentCache full:https://registry.npmjs.org/jquery set size:undefined disposed:false
75 silly fetch manifest escape-html@~1.0.3
76 silly packumentCache full:https://registry.npmjs.org/escape-html cache-miss
77 http fetch GET 200 https://registry.npmjs.org/parseurl 43ms (cache updated)
78 silly packumentCache full:https://registry.npmjs.org/parseurl set size:undefined disposed:false
79 silly fetch manifest cors@~2.8.5
80 silly packumentCache full:https://registry.npmjs.org/cors cache-miss
81 http fetch GET 200 https://registry.npmjs.org/escape-html 41ms (cache updated)
82 silly packumentCache full:https://registry.npmjs.org/escape-html set size:undefined disposed:false
83 silly fetch manifest debug@~4.3.2
84 silly packumentCache full:https://registry.npmjs.org/debug cache-miss
85 http fetch GET 200 https://registry.npmjs.org/encodeurl 51ms (cache updated)
86 silly packumentCache full:https://registry.npmjs.org/encodeurl set size:undefined disposed:false
87 silly fetch manifest accepts@~1.3.4
88 silly packumentCache full:https://registry.npmjs.org/accepts cache-miss
89 http fetch GET 200 https://registry.npmjs.org/debug 10ms (cache hit)
90 silly packumentCache full:https://registry.npmjs.org/debug set size:191237 disposed:false
91 silly fetch manifest base64id@~2.0.0
92 silly packumentCache full:https://registry.npmjs.org/base64id cache-miss
93 http fetch GET 200 https://registry.npmjs.org/cors 49ms (cache updated)
94 silly packumentCache full:https://registry.npmjs.org/cors set size:undefined disposed:false
95 silly fetch manifest engine.io@~6.6.0
96 silly packumentCache full:https://registry.npmjs.org/engine.io cache-miss
97 http fetch GET 200 https://registry.npmjs.org/base64id 34ms (cache miss)
98 silly packumentCache full:https://registry.npmjs.org/base64id set size:undefined disposed:false
99 silly fetch manifest socket.io-parser@~4.2.4
100 silly packumentCache full:https://registry.npmjs.org/socket.io-parser cache-miss
101 http fetch GET 200 https://registry.npmjs.org/engine.io 39ms (cache miss)
102 silly packumentCache full:https://registry.npmjs.org/engine.io set size:undefined disposed:false
103 silly fetch manifest socket.io-adapter@~2.5.2
104 silly packumentCache full:https://registry.npmjs.org/socket.io-adapter cache-miss
105 http fetch GET 200 https://registry.npmjs.org/accepts 61ms (cache updated)
106 silly packumentCache full:https://registry.npmjs.org/accepts set size:undefined disposed:false
107 http fetch GET 200 https://registry.npmjs.org/socket.io-parser 30ms (cache miss)
108 silly packumentCache full:https://registry.npmjs.org/socket.io-parser set size:undefined disposed:false
109 http fetch GET 200 https://registry.npmjs.org/socket.io-adapter 52ms (cache miss)
110 silly packumentCache full:https://registry.npmjs.org/socket.io-adapter set size:undefined disposed:false
111 silly placeDep ROOT bytes@3.1.2 OK for: compression@1.8.0 want: 3.1.2
112 silly placeDep ROOT compressible@2.0.18 OK for: compression@1.8.0 want: ~2.0.18
113 silly placeDep node_modules/compression debug@2.6.9 OK for: compression@1.8.0 want: 2.6.9
114 silly placeDep ROOT negotiator@0.6.4 OK for: compression@1.8.0 want: ~0.6.4
115 silly placeDep ROOT on-headers@1.0.2 OK for: compression@1.8.0 want: ~1.0.2
116 silly placeDep ROOT vary@1.1.2 OK for: compression@1.8.0 want: ~1.1.2
117 silly fetch manifest ms@2.0.0
118 silly packumentCache full:https://registry.npmjs.org/ms cache-miss
119 http fetch GET 200 https://registry.npmjs.org/ms 31ms (cache updated)
120 silly packumentCache full:https://registry.npmjs.org/ms set size:undefined disposed:false
121 silly placeDep ROOT jquery@3.7.1 OK for: gridstack@0.6.4 want: ^1.8 || 2 || 3
122 silly placeDep ROOT encodeurl@2.0.0 OK for: serve-static@1.16.2 want: ~2.0.0
123 silly placeDep ROOT escape-html@1.0.3 OK for: serve-static@1.16.2 want: ~1.0.3
124 silly placeDep ROOT parseurl@1.3.3 OK for: serve-static@1.16.2 want: ~1.3.3
125 silly placeDep ROOT send@0.19.0 OK for: serve-static@1.16.2 want: 0.19.0
126 silly fetch manifest depd@2.0.0
127 silly packumentCache full:https://registry.npmjs.org/depd cache-miss
128 silly fetch manifest etag@~1.8.1
129 silly packumentCache full:https://registry.npmjs.org/etag cache-miss
130 silly fetch manifest mime@1.6.0
131 silly packumentCache full:https://registry.npmjs.org/mime cache-miss
132 http fetch GET 200 https://registry.npmjs.org/etag 48ms (cache updated)
133 silly packumentCache full:https://registry.npmjs.org/etag set size:undefined disposed:false
134 silly fetch manifest fresh@0.5.2
135 silly packumentCache full:https://registry.npmjs.org/fresh cache-miss
136 http fetch GET 200 https://registry.npmjs.org/depd 50ms (cache updated)
137 silly packumentCache full:https://registry.npmjs.org/depd set size:undefined disposed:false
138 silly fetch manifest destroy@1.2.0
139 silly packumentCache full:https://registry.npmjs.org/destroy cache-miss
140 http fetch GET 200 https://registry.npmjs.org/mime 46ms (cache updated)
141 silly packumentCache full:https://registry.npmjs.org/mime set size:undefined disposed:false
142 silly fetch manifest statuses@2.0.1
143 silly packumentCache full:https://registry.npmjs.org/statuses cache-miss
144 http fetch GET 200 https://registry.npmjs.org/destroy 37ms (cache updated)
145 silly packumentCache full:https://registry.npmjs.org/destroy set size:undefined disposed:false
146 silly fetch manifest encodeurl@~1.0.2
147 silly packumentCache full:https://registry.npmjs.org/encodeurl cache-miss
148 http fetch GET 200 https://registry.npmjs.org/encodeurl 6ms (cache hit)
149 silly packumentCache full:https://registry.npmjs.org/encodeurl set size:12296 disposed:false
150 silly fetch manifest http-errors@2.0.0
151 silly packumentCache full:https://registry.npmjs.org/http-errors cache-miss
152 http fetch GET 200 https://registry.npmjs.org/fresh 48ms (cache updated)
153 silly packumentCache full:https://registry.npmjs.org/fresh set size:undefined disposed:false
154 silly fetch manifest on-finished@2.4.1
155 silly packumentCache full:https://registry.npmjs.org/on-finished cache-miss
156 http fetch GET 200 https://registry.npmjs.org/statuses 57ms (cache updated)
157 silly packumentCache full:https://registry.npmjs.org/statuses set size:undefined disposed:false
158 silly fetch manifest range-parser@~1.2.1
159 silly packumentCache full:https://registry.npmjs.org/range-parser cache-miss
160 http fetch GET 200 https://registry.npmjs.org/http-errors 35ms (cache updated)
161 silly packumentCache full:https://registry.npmjs.org/http-errors set size:undefined disposed:false
162 http fetch GET 200 https://registry.npmjs.org/on-finished 40ms (cache updated)
163 silly packumentCache full:https://registry.npmjs.org/on-finished set size:undefined disposed:false
164 http fetch GET 200 https://registry.npmjs.org/range-parser 32ms (cache updated)
165 silly packumentCache full:https://registry.npmjs.org/range-parser set size:undefined disposed:false
166 silly placeDep node_modules/send debug@2.6.9 OK for: send@0.19.0 want: 2.6.9
167 silly placeDep ROOT depd@2.0.0 OK for: send@0.19.0 want: 2.0.0
168 silly placeDep ROOT destroy@1.2.0 OK for: send@0.19.0 want: 1.2.0
169 silly placeDep node_modules/send encodeurl@1.0.2 OK for: send@0.19.0 want: ~1.0.2
170 silly placeDep ROOT etag@1.8.1 OK for: send@0.19.0 want: ~1.8.1
171 silly placeDep ROOT fresh@0.5.2 OK for: send@0.19.0 want: 0.5.2
172 silly placeDep ROOT http-errors@2.0.0 OK for: send@0.19.0 want: 2.0.0
173 silly placeDep ROOT mime@1.6.0 OK for: send@0.19.0 want: 1.6.0
174 silly placeDep ROOT on-finished@2.4.1 OK for: send@0.19.0 want: 2.4.1
175 silly placeDep ROOT range-parser@1.2.1 OK for: send@0.19.0 want: ~1.2.1
176 silly placeDep ROOT statuses@2.0.1 OK for: send@0.19.0 want: 2.0.1
177 silly fetch manifest inherits@2.0.4
178 silly packumentCache full:https://registry.npmjs.org/inherits cache-miss
179 silly fetch manifest setprototypeof@1.2.0
180 silly packumentCache full:https://registry.npmjs.org/setprototypeof cache-miss
181 silly fetch manifest toidentifier@1.0.1
182 silly packumentCache full:https://registry.npmjs.org/toidentifier cache-miss
183 http fetch GET 200 https://registry.npmjs.org/inherits 37ms (cache updated)
184 silly packumentCache full:https://registry.npmjs.org/inherits set size:undefined disposed:false
185 silly fetch manifest ee-first@1.1.1
186 silly packumentCache full:https://registry.npmjs.org/ee-first cache-miss
187 http fetch GET 200 https://registry.npmjs.org/setprototypeof 41ms (cache updated)
188 silly packumentCache full:https://registry.npmjs.org/setprototypeof set size:undefined disposed:false
189 http fetch GET 200 https://registry.npmjs.org/toidentifier 40ms (cache miss)
190 silly packumentCache full:https://registry.npmjs.org/toidentifier set size:undefined disposed:false
191 http fetch GET 200 https://registry.npmjs.org/ee-first 34ms (cache updated)
192 silly packumentCache full:https://registry.npmjs.org/ee-first set size:undefined disposed:false
193 silly placeDep ROOT inherits@2.0.4 OK for: http-errors@2.0.0 want: 2.0.4
194 silly placeDep ROOT setprototypeof@1.2.0 OK for: http-errors@2.0.0 want: 1.2.0
195 silly placeDep ROOT toidentifier@1.0.1 OK for: http-errors@2.0.0 want: 1.0.1
196 silly placeDep ROOT ee-first@1.1.1 OK for: on-finished@2.4.1 want: 1.1.1
197 silly placeDep ROOT accepts@1.3.8 OK for: socket.io@4.8.1 want: ~1.3.4
198 silly placeDep ROOT base64id@2.0.0 OK for: socket.io@4.8.1 want: ~2.0.0
199 silly placeDep ROOT cors@2.8.5 OK for: socket.io@4.8.1 want: ~2.8.5
200 silly placeDep node_modules/socket.io debug@4.3.7 OK for: socket.io@4.8.1 want: ~4.3.2
201 silly placeDep ROOT engine.io@6.6.4 OK for: socket.io@4.8.1 want: ~6.6.0
202 silly placeDep ROOT socket.io-adapter@2.5.5 OK for: socket.io@4.8.1 want: ~2.5.2
203 silly placeDep ROOT socket.io-parser@4.2.4 OK for: socket.io@4.8.1 want: ~4.2.4
204 silly fetch manifest negotiator@0.6.3
205 silly packumentCache full:https://registry.npmjs.org/negotiator cache-miss
206 silly fetch manifest object-assign@^4
207 silly packumentCache full:https://registry.npmjs.org/object-assign cache-miss
208 silly fetch manifest @types/cors@^2.8.12
209 silly packumentCache full:https://registry.npmjs.org/@types%2fcors cache-miss
210 http fetch GET 200 https://registry.npmjs.org/negotiator 11ms (cache hit)
211 silly packumentCache full:https://registry.npmjs.org/negotiator set size:47986 disposed:false
212 silly fetch manifest @types/node@>=10.0.0
213 silly packumentCache full:https://registry.npmjs.org/@types%2fnode cache-miss
214 http fetch GET 200 https://registry.npmjs.org/object-assign 40ms (cache updated)
215 silly packumentCache full:https://registry.npmjs.org/object-assign set size:undefined disposed:false
216 silly fetch manifest cookie@~0.7.2
217 silly packumentCache full:https://registry.npmjs.org/cookie cache-miss
218 http fetch GET 200 https://registry.npmjs.org/@types%2fcors 49ms (cache miss)
219 silly packumentCache full:https://registry.npmjs.org/@types%2fcors set size:undefined disposed:false
220 silly fetch manifest debug@~4.3.1
221 silly packumentCache full:https://registry.npmjs.org/debug cache-hit
222 silly fetch manifest engine.io-parser@~5.2.1
223 silly packumentCache full:https://registry.npmjs.org/engine.io-parser cache-miss
224 http fetch GET 200 https://registry.npmjs.org/cookie 53ms (cache updated)
225 silly packumentCache full:https://registry.npmjs.org/cookie set size:undefined disposed:false
226 silly fetch manifest ws@~8.17.1
227 silly packumentCache full:https://registry.npmjs.org/ws cache-miss
228 http fetch GET 200 https://registry.npmjs.org/engine.io-parser 46ms (cache miss)
229 silly packumentCache full:https://registry.npmjs.org/engine.io-parser set size:undefined disposed:false
230 silly fetch manifest debug@~4.3.4
231 silly packumentCache full:https://registry.npmjs.org/debug cache-hit
232 silly fetch manifest ws@~8.17.1
233 silly packumentCache full:https://registry.npmjs.org/ws cache-miss
234 http fetch GET 200 https://registry.npmjs.org/ws 60ms (cache updated)
235 silly packumentCache full:https://registry.npmjs.org/ws set size:undefined disposed:false
236 silly fetch manifest @socket.io/component-emitter@~3.1.0
237 silly packumentCache full:https://registry.npmjs.org/@socket.io%2fcomponent-emitter cache-miss
238 http fetch GET 200 https://registry.npmjs.org/ws 89ms (cache updated)
239 silly packumentCache full:https://registry.npmjs.org/ws set size:undefined disposed:false
240 http fetch GET 200 https://registry.npmjs.org/@socket.io%2fcomponent-emitter 57ms (cache miss)
241 silly packumentCache full:https://registry.npmjs.org/@socket.io%2fcomponent-emitter set size:undefined disposed:false
242 http fetch GET 200 https://registry.npmjs.org/@types%2fnode 266ms (cache miss)
243 silly packumentCache full:https://registry.npmjs.org/@types%2fnode set size:undefined disposed:false
244 silly placeDep node_modules/accepts negotiator@0.6.3 OK for: accepts@1.3.8 want: 0.6.3
245 silly placeDep ROOT object-assign@4.1.1 OK for: cors@2.8.5 want: ^4
246 silly fetch manifest bufferutil@^4.0.1
247 silly packumentCache full:https://registry.npmjs.org/bufferutil cache-miss
248 http fetch GET 200 https://registry.npmjs.org/bufferutil 38ms (cache updated)
249 silly packumentCache full:https://registry.npmjs.org/bufferutil set size:undefined disposed:false
250 silly fetch manifest utf-8-validate@>=5.0.2
251 silly packumentCache full:https://registry.npmjs.org/utf-8-validate cache-miss
252 http fetch GET 200 https://registry.npmjs.org/utf-8-validate 36ms (cache updated)
253 silly packumentCache full:https://registry.npmjs.org/utf-8-validate set size:undefined disposed:false
254 silly placeDep ROOT @types/cors@2.8.17 OK for: engine.io@6.6.4 want: ^2.8.12
255 silly placeDep ROOT @types/node@22.14.1 OK for: engine.io@6.6.4 want: >=10.0.0
256 silly placeDep ROOT cookie@0.7.2 OK for: engine.io@6.6.4 want: ~0.7.2
257 silly placeDep node_modules/engine.io debug@4.3.7 OK for: engine.io@6.6.4 want: ~4.3.1
258 silly placeDep ROOT engine.io-parser@5.2.3 OK for: engine.io@6.6.4 want: ~5.2.1
259 silly placeDep node_modules/engine.io ws@8.17.1 OK for: engine.io@6.6.4 want: ~8.17.1
260 silly fetch manifest @types/node@*
261 silly packumentCache full:https://registry.npmjs.org/@types%2fnode cache-miss
262 silly fetch manifest undici-types@~6.21.0
263 silly packumentCache full:https://registry.npmjs.org/undici-types cache-miss
264 http fetch GET 200 https://registry.npmjs.org/@types%2fnode 24ms (cache hit)
265 silly packumentCache full:https://registry.npmjs.org/@types%2fnode set size:9814087 disposed:false
266 http fetch GET 200 https://registry.npmjs.org/undici-types 119ms (cache miss)
267 silly packumentCache full:https://registry.npmjs.org/undici-types set size:undefined disposed:false
268 silly placeDep ROOT undici-types@6.21.0 OK for: @types/node@22.14.1 want: ~6.21.0
269 silly placeDep node_modules/socket.io-adapter debug@4.3.7 OK for: socket.io-adapter@2.5.5 want: ~4.3.4
270 silly placeDep node_modules/socket.io-adapter ws@8.17.1 OK for: socket.io-adapter@2.5.5 want: ~8.17.1
271 silly placeDep ROOT @socket.io/component-emitter@3.1.2 OK for: socket.io-parser@4.2.4 want: ~3.1.0
272 silly placeDep node_modules/socket.io-parser debug@4.3.7 OK for: socket.io-parser@4.2.4 want: ~4.3.1
273 silly placeDep node_modules/compression ms@2.0.0 OK for: debug@2.6.9 want: 2.0.0
274 silly placeDep node_modules/send/node_modules/debug ms@2.0.0 OK for: debug@2.6.9 want: 2.0.0
275 silly reify moves {}
276 silly tarball no local data for @socket.io/component-emitter@https://registry.npmjs.org/@socket.io/component-emitter/-/component-emitter-3.1.2.tgz. Extracting by manifest.
277 silly tarball no local data for undici-types@https://registry.npmjs.org/undici-types/-/undici-types-6.21.0.tgz. Extracting by manifest.
278 silly tarball no local data for cookie@https://registry.npmjs.org/cookie/-/cookie-0.7.2.tgz. Extracting by manifest.
279 silly tarball no local data for engine.io-parser@https://registry.npmjs.org/engine.io-parser/-/engine.io-parser-5.2.3.tgz. Extracting by manifest.
280 silly tarball no local data for @types/node@https://registry.npmjs.org/@types/node/-/node-22.14.1.tgz. Extracting by manifest.
281 silly tarball no local data for @types/cors@https://registry.npmjs.org/@types/cors/-/cors-2.8.17.tgz. Extracting by manifest.
282 silly tarball no local data for socket.io-parser@https://registry.npmjs.org/socket.io-parser/-/socket.io-parser-4.2.4.tgz. Extracting by manifest.
283 silly tarball no local data for socket.io-adapter@https://registry.npmjs.org/socket.io-adapter/-/socket.io-adapter-2.5.5.tgz. Extracting by manifest.
284 silly tarball no local data for engine.io@https://registry.npmjs.org/engine.io/-/engine.io-6.6.4.tgz. Extracting by manifest.
285 silly tarball no local data for cors@https://registry.npmjs.org/cors/-/cors-2.8.5.tgz. Extracting by manifest.
286 silly tarball no local data for base64id@https://registry.npmjs.org/base64id/-/base64id-2.0.0.tgz. Extracting by manifest.
287 silly tarball no local data for toidentifier@https://registry.npmjs.org/toidentifier/-/toidentifier-1.0.1.tgz. Extracting by manifest.
288 silly tarball no local data for setprototypeof@https://registry.npmjs.org/setprototypeof/-/setprototypeof-1.2.0.tgz. Extracting by manifest.
289 silly tarball no local data for statuses@https://registry.npmjs.org/statuses/-/statuses-2.0.1.tgz. Extracting by manifest.
290 silly tarball no local data for on-finished@https://registry.npmjs.org/on-finished/-/on-finished-2.4.1.tgz. Extracting by manifest.
291 silly tarball no local data for http-errors@https://registry.npmjs.org/http-errors/-/http-errors-2.0.0.tgz. Extracting by manifest.
292 silly tarball no local data for destroy@https://registry.npmjs.org/destroy/-/destroy-1.2.0.tgz. Extracting by manifest.
293 silly tarball no local data for send@https://registry.npmjs.org/send/-/send-0.19.0.tgz. Extracting by manifest.
294 silly tarball no local data for encodeurl@https://registry.npmjs.org/encodeurl/-/encodeurl-2.0.0.tgz. Extracting by manifest.
295 silly tarball no local data for jquery@https://registry.npmjs.org/jquery/-/jquery-3.7.1.tgz. Extracting by manifest.
296 silly tarball no local data for on-headers@https://registry.npmjs.org/on-headers/-/on-headers-1.0.2.tgz. Extracting by manifest.
297 silly tarball no local data for bytes@https://registry.npmjs.org/bytes/-/bytes-3.1.2.tgz. Extracting by manifest.
298 silly tarball no local data for socket.io@https://registry.npmjs.org/socket.io/-/socket.io-4.8.1.tgz. Extracting by manifest.
299 silly tarball no local data for compressible@https://registry.npmjs.org/compressible/-/compressible-2.0.18.tgz. Extracting by manifest.
300 silly tarball no local data for serve-static@https://registry.npmjs.org/serve-static/-/serve-static-1.16.2.tgz. Extracting by manifest.
301 silly tarball no local data for gridstack@https://registry.npmjs.org/gridstack/-/gridstack-0.6.4.tgz. Extracting by manifest.
302 silly tarball no local data for compression@https://registry.npmjs.org/compression/-/compression-1.8.0.tgz. Extracting by manifest.
303 silly tarball no local data for node-red-dashboard@https://registry.npmjs.org/node-red-dashboard/-/node-red-dashboard-3.6.5.tgz. Extracting by manifest.
304 silly tarball no local data for ws@https://registry.npmjs.org/ws/-/ws-8.17.1.tgz. Extracting by manifest.
305 silly tarball no local data for ws@https://registry.npmjs.org/ws/-/ws-8.17.1.tgz. Extracting by manifest.
306 silly tarball no local data for negotiator@https://registry.npmjs.org/negotiator/-/negotiator-0.6.4.tgz. Extracting by manifest.
307 http fetch GET 200 https://registry.npmjs.org/cookie/-/cookie-0.7.2.tgz 198ms (cache miss)
308 http fetch GET 200 https://registry.npmjs.org/@socket.io/component-emitter/-/component-emitter-3.1.2.tgz 200ms (cache miss)
309 http fetch GET 200 https://registry.npmjs.org/send/-/send-0.19.0.tgz 221ms (cache miss)
310 http fetch GET 200 https://registry.npmjs.org/destroy/-/destroy-1.2.0.tgz 231ms (cache miss)
311 http fetch GET 200 https://registry.npmjs.org/http-errors/-/http-errors-2.0.0.tgz 249ms (cache miss)
312 http fetch GET 200 https://registry.npmjs.org/statuses/-/statuses-2.0.1.tgz 295ms (cache miss)
313 http fetch GET 200 https://registry.npmjs.org/toidentifier/-/toidentifier-1.0.1.tgz 301ms (cache miss)
314 http fetch GET 200 https://registry.npmjs.org/@types/cors/-/cors-2.8.17.tgz 304ms (cache miss)
315 http fetch GET 200 https://registry.npmjs.org/encodeurl/-/encodeurl-2.0.0.tgz 301ms (cache miss)
316 http fetch GET 200 https://registry.npmjs.org/on-finished/-/on-finished-2.4.1.tgz 316ms (cache miss)
317 http fetch GET 200 https://registry.npmjs.org/on-headers/-/on-headers-1.0.2.tgz 314ms (cache miss)
318 http fetch GET 200 https://registry.npmjs.org/setprototypeof/-/setprototypeof-1.2.0.tgz 324ms (cache miss)
319 http fetch GET 200 https://registry.npmjs.org/bytes/-/bytes-3.1.2.tgz 320ms (cache miss)
320 http fetch GET 200 https://registry.npmjs.org/compressible/-/compressible-2.0.18.tgz 320ms (cache miss)
321 http fetch GET 200 https://registry.npmjs.org/base64id/-/base64id-2.0.0.tgz 331ms (cache miss)
322 http fetch GET 200 https://registry.npmjs.org/socket.io-adapter/-/socket.io-adapter-2.5.5.tgz 335ms (cache miss)
323 http fetch GET 200 https://registry.npmjs.org/cors/-/cors-2.8.5.tgz 334ms (cache miss)
324 http fetch GET 200 https://registry.npmjs.org/serve-static/-/serve-static-1.16.2.tgz 331ms (cache miss)
325 http fetch GET 200 https://registry.npmjs.org/compression/-/compression-1.8.0.tgz 341ms (cache miss)
326 http fetch GET 200 https://registry.npmjs.org/negotiator/-/negotiator-0.6.4.tgz 340ms (cache miss)
327 http fetch GET 200 https://registry.npmjs.org/ws/-/ws-8.17.1.tgz 350ms (cache miss)
328 http fetch GET 200 https://registry.npmjs.org/undici-types/-/undici-types-6.21.0.tgz 369ms (cache miss)
329 http fetch GET 200 https://registry.npmjs.org/ws/-/ws-8.17.1.tgz 352ms (cache miss)
330 http fetch GET 200 https://registry.npmjs.org/socket.io-parser/-/socket.io-parser-4.2.4.tgz 374ms (cache miss)
331 http fetch GET 200 https://registry.npmjs.org/engine.io-parser/-/engine.io-parser-5.2.3.tgz 393ms (cache miss)
332 http fetch GET 200 https://registry.npmjs.org/engine.io/-/engine.io-6.6.4.tgz 400ms (cache miss)
333 http fetch GET 200 https://registry.npmjs.org/gridstack/-/gridstack-0.6.4.tgz 430ms (cache miss)
334 http fetch GET 200 https://registry.npmjs.org/socket.io/-/socket.io-4.8.1.tgz 454ms (cache miss)
335 http fetch GET 200 https://registry.npmjs.org/jquery/-/jquery-3.7.1.tgz 495ms (cache miss)
336 http fetch GET 200 https://registry.npmjs.org/@types/node/-/node-22.14.1.tgz 513ms (cache miss)
337 http fetch GET 200 https://registry.npmjs.org/node-red-dashboard/-/node-red-dashboard-3.6.5.tgz 522ms (cache miss)
338 info run node-red-dashboard@3.6.5 postinstall node_modules/node-red-dashboard node fixgrid.js
339 info run node-red-dashboard@3.6.5 postinstall { code: 0, signal: null }
340 silly ADD node_modules/@socket.io/component-emitter
341 silly ADD node_modules/undici-types
342 silly ADD node_modules/engine.io-parser
343 silly ADD node_modules/cookie
344 silly ADD node_modules/@types/node
345 silly ADD node_modules/@types/cors
346 silly ADD node_modules/object-assign
347 silly ADD node_modules/socket.io-parser
348 silly ADD node_modules/socket.io-parser/node_modules/debug
349 silly ADD node_modules/socket.io-adapter
350 silly ADD node_modules/socket.io-adapter/node_modules/ws
351 silly ADD node_modules/socket.io-adapter/node_modules/debug
352 silly ADD node_modules/engine.io
353 silly ADD node_modules/engine.io/node_modules/ws
354 silly ADD node_modules/engine.io/node_modules/debug
355 silly ADD node_modules/cors
356 silly ADD node_modules/base64id
357 silly ADD node_modules/accepts
358 silly ADD node_modules/accepts/node_modules/negotiator
359 silly ADD node_modules/ee-first
360 silly ADD node_modules/toidentifier
361 silly ADD node_modules/setprototypeof
362 silly ADD node_modules/inherits
363 silly ADD node_modules/statuses
364 silly ADD node_modules/range-parser
365 silly ADD node_modules/on-finished
366 silly ADD node_modules/mime
367 silly ADD node_modules/http-errors
368 silly ADD node_modules/fresh
369 silly ADD node_modules/etag
370 silly ADD node_modules/destroy
371 silly ADD node_modules/depd
372 silly ADD node_modules/send
373 silly ADD node_modules/send/node_modules/encodeurl
374 silly ADD node_modules/send/node_modules/debug
375 silly ADD node_modules/send/node_modules/debug/node_modules/ms
376 silly ADD node_modules/parseurl
377 silly ADD node_modules/escape-html
378 silly ADD node_modules/encodeurl
379 silly ADD node_modules/jquery
380 silly ADD node_modules/vary
381 silly ADD node_modules/on-headers
382 silly ADD node_modules/negotiator
383 silly ADD node_modules/compressible
384 silly ADD node_modules/bytes
385 silly ADD node_modules/socket.io
386 silly ADD node_modules/socket.io/node_modules/debug
387 silly ADD node_modules/serve-static
388 silly ADD node_modules/gridstack
389 silly ADD node_modules/compression
390 silly ADD node_modules/compression/node_modules/ms
391 silly ADD node_modules/compression/node_modules/debug
392 silly ADD node_modules/node-red-dashboard
393 verbose cwd /data
394 verbose os Linux 6.1.0-31-amd64
395 verbose node v20.19.0
396 verbose npm  v10.8.2
397 verbose exit 0
398 info ok
