0 verbose cli /usr/local/bin/node /usr/local/bin/npm
1 info using npm@10.8.2
2 info using node@v20.19.0
3 silly config load:file:/usr/local/lib/node_modules/npm/npmrc
4 silly config load:file:/data/.npmrc
5 silly config load:file:/usr/src/node-red/.npmrc
6 silly config load:file:/usr/local/etc/npmrc
7 verbose title npm install node-red-contrib-mpd2@1.0.9
8 verbose argv "install" "--no-audit" "--no-update-notifier" "--no-fund" "--save" "--save-prefix" "~" "--omit" "dev" "--engine-strict" "node-red-contrib-mpd2@1.0.9"
9 verbose logfile logs-max:10 dir:/data/.npm/_logs/2025-04-18T16_24_48_473Z-
10 verbose logfile /data/.npm/_logs/2025-04-18T16_24_48_473Z-debug-0.log
11 silly packumentCache heap:247988224 maxSize:61997056 maxEntrySize:30998528
12 silly logfile done cleaning log files
13 silly idealTree buildDeps
14 silly fetch manifest node-red-contrib-mpd2@1.0.9
15 silly packumentCache full:https://registry.npmjs.org/node-red-contrib-mpd2 cache-miss
16 http fetch GET 200 https://registry.npmjs.org/node-red-contrib-mpd2 1049ms (cache miss)
17 silly packumentCache full:https://registry.npmjs.org/node-red-contrib-mpd2 set size:undefined disposed:false
18 silly placeDep ROOT node-red-contrib-mpd2@1.0.9 OK for: node-red-project@0.0.1 want: 1.0.9
19 silly fetch manifest mpd2@^1.0.0
20 silly packumentCache full:https://registry.npmjs.org/mpd2 cache-miss
21 http fetch GET 200 https://registry.npmjs.org/mpd2 387ms (cache miss)
22 silly packumentCache full:https://registry.npmjs.org/mpd2 set size:undefined disposed:false
23 silly placeDep ROOT mpd2@1.0.5 OK for: node-red-contrib-mpd2@1.0.9 want: ^1.0.0
24 silly fetch manifest debug@^4.1.1
25 silly packumentCache full:https://registry.npmjs.org/debug cache-miss
26 http fetch GET 200 https://registry.npmjs.org/debug 122ms (cache miss)
27 silly packumentCache full:https://registry.npmjs.org/debug set size:undefined disposed:false
28 silly placeDep ROOT debug@4.4.0 OK for: mpd2@1.0.5 want: ^4.1.1
29 silly fetch manifest ms@^2.1.3
30 silly packumentCache full:https://registry.npmjs.org/ms cache-miss
31 http fetch GET 200 https://registry.npmjs.org/ms 84ms (cache miss)
32 silly packumentCache full:https://registry.npmjs.org/ms set size:undefined disposed:false
33 silly placeDep ROOT ms@2.1.3 OK for: debug@4.4.0 want: ^2.1.3
34 silly reify moves {}
35 silly tarball no local data for ms@https://registry.npmjs.org/ms/-/ms-2.1.3.tgz. Extracting by manifest.
36 silly tarball no local data for debug@https://registry.npmjs.org/debug/-/debug-4.4.0.tgz. Extracting by manifest.
37 silly tarball no local data for mpd2@https://registry.npmjs.org/mpd2/-/mpd2-1.0.5.tgz. Extracting by manifest.
38 silly tarball no local data for node-red-contrib-mpd2@https://registry.npmjs.org/node-red-contrib-mpd2/-/node-red-contrib-mpd2-1.0.9.tgz. Extracting by manifest.
39 http fetch GET 200 https://registry.npmjs.org/ms/-/ms-2.1.3.tgz 160ms (cache miss)
40 http fetch GET 200 https://registry.npmjs.org/debug/-/debug-4.4.0.tgz 357ms (cache miss)
41 http fetch GET 200 https://registry.npmjs.org/mpd2/-/mpd2-1.0.5.tgz 424ms (cache miss)
42 http fetch GET 200 https://registry.npmjs.org/node-red-contrib-mpd2/-/node-red-contrib-mpd2-1.0.9.tgz 422ms (cache miss)
43 silly ADD node_modules/ms
44 silly ADD node_modules/debug
45 silly ADD node_modules/mpd2
46 silly ADD node_modules/node-red-contrib-mpd2
47 verbose cwd /data
48 verbose os Linux 6.12.20+rpt-rpi-v7
49 verbose node v20.19.0
50 verbose npm  v10.8.2
51 verbose exit 0
52 info ok
