0 verbose cli /usr/local/bin/node /usr/local/bin/npm
1 info using npm@10.8.2
2 info using node@v20.19.0
3 silly config load:file:/usr/local/lib/node_modules/npm/npmrc
4 silly config load:file:/data/.npmrc
5 silly config load:file:/usr/src/node-red/.npmrc
6 silly config load:file:/usr/local/etc/npmrc
7 verbose title npm install node-red-contrib-home-assistant-websocket@0.75.0
8 verbose argv "install" "--no-audit" "--no-update-notifier" "--no-fund" "--save" "--save-prefix" "~" "--omit" "dev" "--engine-strict" "node-red-contrib-home-assistant-websocket@0.75.0"
9 verbose logfile logs-max:10 dir:/data/.npm/_logs/2025-04-22T15_50_19_320Z-
10 verbose logfile /data/.npm/_logs/2025-04-22T15_50_19_320Z-debug-0.log
11 silly packumentCache heap:2197815296 maxSize:549453824 maxEntrySize:274726912
12 silly logfile done cleaning log files
13 silly idealTree buildDeps
14 silly fetch manifest node-red-contrib-home-assistant-websocket@0.75.0
15 silly packumentCache full:https://registry.npmjs.org/node-red-contrib-home-assistant-websocket cache-miss
16 http fetch GET 200 https://registry.npmjs.org/node-red-contrib-home-assistant-websocket 556ms (cache miss)
17 silly packumentCache full:https://registry.npmjs.org/node-red-contrib-home-assistant-websocket set size:undefined disposed:false
18 silly placeDep ROOT node-red-contrib-home-assistant-websocket@0.75.0 OK for: node-red-project@0.0.1 want: 0.75.0
19 silly fetch manifest axios@1.7.7
20 silly packumentCache full:https://registry.npmjs.org/axios cache-miss
21 silly fetch manifest bonjour@3.5.0
22 silly packumentCache full:https://registry.npmjs.org/bonjour cache-miss
23 silly fetch manifest compare-versions@6.1.1
24 silly packumentCache full:https://registry.npmjs.org/compare-versions cache-miss
25 http fetch GET 200 https://registry.npmjs.org/bonjour 51ms (cache miss)
26 silly packumentCache full:https://registry.npmjs.org/bonjour set size:undefined disposed:false
27 silly fetch manifest cronosjs@^1.7.1
28 silly packumentCache full:https://registry.npmjs.org/cronosjs cache-miss
29 http fetch GET 200 https://registry.npmjs.org/axios 99ms (cache updated)
30 silly packumentCache full:https://registry.npmjs.org/axios set size:undefined disposed:false
31 silly fetch manifest debug@4.3.7
32 silly packumentCache full:https://registry.npmjs.org/debug cache-miss
33 http fetch GET 200 https://registry.npmjs.org/compare-versions 114ms (cache miss)
34 silly packumentCache full:https://registry.npmjs.org/compare-versions set size:undefined disposed:false
35 silly fetch manifest flat@^5.0.2
36 silly packumentCache full:https://registry.npmjs.org/flat cache-miss
37 http fetch GET 200 https://registry.npmjs.org/flat 43ms (cache miss)
38 silly packumentCache full:https://registry.npmjs.org/flat set size:undefined disposed:false
39 silly fetch manifest geolib@3.3.4
40 silly packumentCache full:https://registry.npmjs.org/geolib cache-miss
41 http fetch GET 200 https://registry.npmjs.org/debug 59ms (cache updated)
42 silly packumentCache full:https://registry.npmjs.org/debug set size:undefined disposed:false
43 silly fetch manifest home-assistant-js-websocket@9.4.0
44 silly packumentCache full:https://registry.npmjs.org/home-assistant-js-websocket cache-miss
45 http fetch GET 200 https://registry.npmjs.org/geolib 54ms (cache miss)
46 silly packumentCache full:https://registry.npmjs.org/geolib set size:undefined disposed:false
47 silly fetch manifest joi@17.13.3
48 silly packumentCache full:https://registry.npmjs.org/joi cache-miss
49 http fetch GET 200 https://registry.npmjs.org/home-assistant-js-websocket 90ms (cache miss)
50 silly packumentCache full:https://registry.npmjs.org/home-assistant-js-websocket set size:undefined disposed:false
51 silly fetch manifest lodash@4.17.21
52 silly packumentCache full:https://registry.npmjs.org/lodash cache-miss
53 http fetch GET 200 https://registry.npmjs.org/joi 50ms (cache updated)
54 silly packumentCache full:https://registry.npmjs.org/joi set size:undefined disposed:false
55 silly fetch manifest lowdb@^1.0.0
56 silly packumentCache full:https://registry.npmjs.org/lowdb cache-miss
57 http fetch GET 200 https://registry.npmjs.org/lodash 53ms (cache updated)
58 silly packumentCache full:https://registry.npmjs.org/lodash set size:undefined disposed:false
59 silly fetch manifest mustache@4.2.0
60 silly packumentCache full:https://registry.npmjs.org/mustache cache-miss
61 http fetch GET 200 https://registry.npmjs.org/lowdb 56ms (cache updated)
62 silly packumentCache full:https://registry.npmjs.org/lowdb set size:undefined disposed:false
63 silly fetch manifest selectn@1.1.2
64 silly packumentCache full:https://registry.npmjs.org/selectn cache-miss
65 http fetch GET 200 https://registry.npmjs.org/mustache 49ms (cache updated)
66 silly packumentCache full:https://registry.npmjs.org/mustache set size:undefined disposed:false
67 silly fetch manifest slugify@1.6.6
68 silly packumentCache full:https://registry.npmjs.org/slugify cache-miss
69 http fetch GET 200 https://registry.npmjs.org/cronosjs 354ms (cache miss)
70 silly packumentCache full:https://registry.npmjs.org/cronosjs set size:undefined disposed:false
71 silly fetch manifest timestring@7.0.0
72 silly packumentCache full:https://registry.npmjs.org/timestring cache-miss
73 http fetch GET 200 https://registry.npmjs.org/slugify 50ms (cache miss)
74 silly packumentCache full:https://registry.npmjs.org/slugify set size:undefined disposed:false
75 silly fetch manifest ws@8.18.0
76 silly packumentCache full:https://registry.npmjs.org/ws cache-miss
77 http fetch GET 200 https://registry.npmjs.org/ws 43ms (cache updated)
78 silly packumentCache full:https://registry.npmjs.org/ws set size:undefined disposed:false
79 http fetch GET 200 https://registry.npmjs.org/timestring 64ms (cache miss)
80 silly packumentCache full:https://registry.npmjs.org/timestring set size:undefined disposed:false
81 http fetch GET 200 https://registry.npmjs.org/selectn 148ms (cache updated)
82 silly packumentCache full:https://registry.npmjs.org/selectn set size:undefined disposed:false
83 silly fetch manifest bufferutil@^4.0.1
84 silly packumentCache full:https://registry.npmjs.org/bufferutil cache-miss
85 http fetch GET 200 https://registry.npmjs.org/bufferutil 37ms (cache miss)
86 silly packumentCache full:https://registry.npmjs.org/bufferutil set size:undefined disposed:false
87 silly fetch manifest utf-8-validate@>=5.0.2
88 silly packumentCache full:https://registry.npmjs.org/utf-8-validate cache-miss
89 http fetch GET 200 https://registry.npmjs.org/utf-8-validate 38ms (cache miss)
90 silly packumentCache full:https://registry.npmjs.org/utf-8-validate set size:undefined disposed:false
91 silly placeDep ROOT axios@1.7.7 OK for: node-red-contrib-home-assistant-websocket@0.75.0 want: 1.7.7
92 silly placeDep ROOT bonjour@3.5.0 OK for: node-red-contrib-home-assistant-websocket@0.75.0 want: 3.5.0
93 silly placeDep ROOT compare-versions@6.1.1 OK for: node-red-contrib-home-assistant-websocket@0.75.0 want: 6.1.1
94 silly placeDep ROOT cronosjs@1.7.1 OK for: node-red-contrib-home-assistant-websocket@0.75.0 want: ^1.7.1
95 silly placeDep node_modules/node-red-contrib-home-assistant-websocket debug@4.3.7 OK for: node-red-contrib-home-assistant-websocket@0.75.0 want: 4.3.7
96 silly placeDep ROOT flat@5.0.2 OK for: node-red-contrib-home-assistant-websocket@0.75.0 want: ^5.0.2
97 silly placeDep ROOT geolib@3.3.4 OK for: node-red-contrib-home-assistant-websocket@0.75.0 want: 3.3.4
98 silly placeDep ROOT home-assistant-js-websocket@9.4.0 OK for: node-red-contrib-home-assistant-websocket@0.75.0 want: 9.4.0
99 silly placeDep ROOT joi@17.13.3 OK for: node-red-contrib-home-assistant-websocket@0.75.0 want: 17.13.3
100 silly placeDep ROOT lodash@4.17.21 OK for: node-red-contrib-home-assistant-websocket@0.75.0 want: 4.17.21
101 silly placeDep ROOT lowdb@1.0.0 OK for: node-red-contrib-home-assistant-websocket@0.75.0 want: ^1.0.0
102 silly placeDep ROOT mustache@4.2.0 OK for: node-red-contrib-home-assistant-websocket@0.75.0 want: 4.2.0
103 silly placeDep ROOT selectn@1.1.2 OK for: node-red-contrib-home-assistant-websocket@0.75.0 want: 1.1.2
104 silly placeDep ROOT slugify@1.6.6 OK for: node-red-contrib-home-assistant-websocket@0.75.0 want: 1.6.6
105 silly placeDep ROOT timestring@7.0.0 OK for: node-red-contrib-home-assistant-websocket@0.75.0 want: 7.0.0
106 silly placeDep ROOT ws@8.18.0 OK for: node-red-contrib-home-assistant-websocket@0.75.0 want: 8.18.0
107 silly fetch manifest form-data@^4.0.0
108 silly packumentCache full:https://registry.npmjs.org/form-data cache-miss
109 silly fetch manifest proxy-from-env@^1.1.0
110 silly packumentCache full:https://registry.npmjs.org/proxy-from-env cache-miss
111 silly fetch manifest follow-redirects@^1.15.6
112 silly packumentCache full:https://registry.npmjs.org/follow-redirects cache-miss
113 http fetch GET 200 https://registry.npmjs.org/proxy-from-env 31ms (cache miss)
114 silly packumentCache full:https://registry.npmjs.org/proxy-from-env set size:undefined disposed:false
115 silly fetch manifest array-flatten@^2.1.0
116 silly packumentCache full:https://registry.npmjs.org/array-flatten cache-miss
117 http fetch GET 200 https://registry.npmjs.org/form-data 45ms (cache updated)
118 silly packumentCache full:https://registry.npmjs.org/form-data set size:undefined disposed:false
119 silly fetch manifest deep-equal@^1.0.1
120 silly packumentCache full:https://registry.npmjs.org/deep-equal cache-miss
121 http fetch GET 200 https://registry.npmjs.org/follow-redirects 51ms (cache updated)
122 silly packumentCache full:https://registry.npmjs.org/follow-redirects set size:undefined disposed:false
123 silly fetch manifest dns-equal@^1.0.0
124 silly packumentCache full:https://registry.npmjs.org/dns-equal cache-miss
125 http fetch GET 200 https://registry.npmjs.org/array-flatten 46ms (cache updated)
126 silly packumentCache full:https://registry.npmjs.org/array-flatten set size:undefined disposed:false
127 silly fetch manifest dns-txt@^2.0.2
128 silly packumentCache full:https://registry.npmjs.org/dns-txt cache-miss
129 http fetch GET 200 https://registry.npmjs.org/deep-equal 39ms (cache miss)
130 silly packumentCache full:https://registry.npmjs.org/deep-equal set size:undefined disposed:false
131 silly fetch manifest multicast-dns@^6.0.1
132 silly packumentCache full:https://registry.npmjs.org/multicast-dns cache-miss
133 http fetch GET 200 https://registry.npmjs.org/dns-equal 43ms (cache miss)
134 silly packumentCache full:https://registry.npmjs.org/dns-equal set size:undefined disposed:false
135 silly fetch manifest multicast-dns-service-types@^1.1.0
136 silly packumentCache full:https://registry.npmjs.org/multicast-dns-service-types cache-miss
137 http fetch GET 200 https://registry.npmjs.org/dns-txt 30ms (cache miss)
138 silly packumentCache full:https://registry.npmjs.org/dns-txt set size:undefined disposed:false
139 silly fetch manifest @hapi/hoek@^9.3.0
140 silly packumentCache full:https://registry.npmjs.org/@hapi%2fhoek cache-miss
141 http fetch GET 200 https://registry.npmjs.org/multicast-dns 39ms (cache updated)
142 silly packumentCache full:https://registry.npmjs.org/multicast-dns set size:undefined disposed:false
143 silly fetch manifest @hapi/topo@^5.1.0
144 silly packumentCache full:https://registry.npmjs.org/@hapi%2ftopo cache-miss
145 http fetch GET 200 https://registry.npmjs.org/multicast-dns-service-types 43ms (cache miss)
146 silly packumentCache full:https://registry.npmjs.org/multicast-dns-service-types set size:undefined disposed:false
147 silly fetch manifest @sideway/address@^4.1.5
148 silly packumentCache full:https://registry.npmjs.org/@sideway%2faddress cache-miss
149 http fetch GET 200 https://registry.npmjs.org/@hapi%2fhoek 45ms (cache miss)
150 silly packumentCache full:https://registry.npmjs.org/@hapi%2fhoek set size:undefined disposed:false
151 silly fetch manifest @sideway/formula@^3.0.1
152 silly packumentCache full:https://registry.npmjs.org/@sideway%2fformula cache-miss
153 http fetch GET 200 https://registry.npmjs.org/@sideway%2faddress 51ms (cache miss)
154 silly packumentCache full:https://registry.npmjs.org/@sideway%2faddress set size:undefined disposed:false
155 silly fetch manifest @sideway/pinpoint@^2.0.0
156 silly packumentCache full:https://registry.npmjs.org/@sideway%2fpinpoint cache-miss
157 http fetch GET 200 https://registry.npmjs.org/@hapi%2ftopo 75ms (cache miss)
158 silly packumentCache full:https://registry.npmjs.org/@hapi%2ftopo set size:undefined disposed:false
159 silly fetch manifest pify@^3.0.0
160 silly packumentCache full:https://registry.npmjs.org/pify cache-miss
161 http fetch GET 200 https://registry.npmjs.org/@sideway%2fformula 48ms (cache miss)
162 silly packumentCache full:https://registry.npmjs.org/@sideway%2fformula set size:undefined disposed:false
163 silly fetch manifest steno@^0.4.1
164 silly packumentCache full:https://registry.npmjs.org/steno cache-miss
165 http fetch GET 200 https://registry.npmjs.org/steno 34ms (cache updated)
166 silly packumentCache full:https://registry.npmjs.org/steno set size:undefined disposed:false
167 silly fetch manifest is-promise@^2.1.0
168 silly packumentCache full:https://registry.npmjs.org/is-promise cache-miss
169 http fetch GET 200 https://registry.npmjs.org/@sideway%2fpinpoint 59ms (cache miss)
170 silly packumentCache full:https://registry.npmjs.org/@sideway%2fpinpoint set size:undefined disposed:false
171 silly fetch manifest graceful-fs@^4.1.3
172 silly packumentCache full:https://registry.npmjs.org/graceful-fs cache-miss
173 http fetch GET 200 https://registry.npmjs.org/pify 52ms (cache updated)
174 silly packumentCache full:https://registry.npmjs.org/pify set size:undefined disposed:false
175 silly fetch manifest debug@^2.5.2
176 silly packumentCache full:https://registry.npmjs.org/debug cache-miss
177 http fetch GET 200 https://registry.npmjs.org/debug 5ms (cache hit)
178 silly packumentCache full:https://registry.npmjs.org/debug set size:191237 disposed:false
179 silly fetch manifest curry2@^1.0.0
180 silly packumentCache full:https://registry.npmjs.org/curry2 cache-miss
181 http fetch GET 200 https://registry.npmjs.org/is-promise 45ms (cache updated)
182 silly packumentCache full:https://registry.npmjs.org/is-promise set size:undefined disposed:false
183 silly fetch manifest dotsplit.js@^1.0.3
184 silly packumentCache full:https://registry.npmjs.org/dotsplit.js cache-miss
185 http fetch GET 200 https://registry.npmjs.org/graceful-fs 63ms (cache updated)
186 silly packumentCache full:https://registry.npmjs.org/graceful-fs set size:undefined disposed:false
187 silly fetch manifest brackets2dots@^1.1.0
188 silly packumentCache full:https://registry.npmjs.org/brackets2dots cache-miss
189 http fetch GET 200 https://registry.npmjs.org/dotsplit.js 333ms (cache updated)
190 silly packumentCache full:https://registry.npmjs.org/dotsplit.js set size:undefined disposed:false
191 http fetch GET 200 https://registry.npmjs.org/curry2 371ms (cache updated)
192 silly packumentCache full:https://registry.npmjs.org/curry2 set size:undefined disposed:false
193 http fetch GET 200 https://registry.npmjs.org/brackets2dots 374ms (cache updated)
194 silly packumentCache full:https://registry.npmjs.org/brackets2dots set size:undefined disposed:false
195 silly placeDep ROOT follow-redirects@1.15.9 OK for: axios@1.7.7 want: ^1.15.6
196 silly placeDep ROOT form-data@4.0.2 OK for: axios@1.7.7 want: ^4.0.0
197 silly placeDep ROOT proxy-from-env@1.1.0 OK for: axios@1.7.7 want: ^1.1.0
198 silly fetch manifest asynckit@^0.4.0
199 silly packumentCache full:https://registry.npmjs.org/asynckit cache-miss
200 silly fetch manifest combined-stream@^1.0.8
201 silly packumentCache full:https://registry.npmjs.org/combined-stream cache-miss
202 silly fetch manifest es-set-tostringtag@^2.1.0
203 silly packumentCache full:https://registry.npmjs.org/es-set-tostringtag cache-miss
204 http fetch GET 200 https://registry.npmjs.org/es-set-tostringtag 37ms (cache miss)
205 silly packumentCache full:https://registry.npmjs.org/es-set-tostringtag set size:undefined disposed:false
206 silly fetch manifest mime-types@^2.1.12
207 silly packumentCache full:https://registry.npmjs.org/mime-types cache-miss
208 http fetch GET 200 https://registry.npmjs.org/combined-stream 54ms (cache updated)
209 silly packumentCache full:https://registry.npmjs.org/combined-stream set size:undefined disposed:false
210 http fetch GET 200 https://registry.npmjs.org/asynckit 59ms (cache updated)
211 silly packumentCache full:https://registry.npmjs.org/asynckit set size:undefined disposed:false
212 http fetch GET 200 https://registry.npmjs.org/mime-types 36ms (cache updated)
213 silly packumentCache full:https://registry.npmjs.org/mime-types set size:undefined disposed:false
214 silly placeDep ROOT array-flatten@2.1.2 OK for: bonjour@3.5.0 want: ^2.1.0
215 silly placeDep ROOT deep-equal@1.1.2 OK for: bonjour@3.5.0 want: ^1.0.1
216 silly placeDep ROOT dns-equal@1.0.0 OK for: bonjour@3.5.0 want: ^1.0.0
217 silly placeDep ROOT dns-txt@2.0.2 OK for: bonjour@3.5.0 want: ^2.0.2
218 silly placeDep node_modules/bonjour multicast-dns@6.2.3 OK for: bonjour@3.5.0 want: ^6.0.1
219 silly placeDep ROOT multicast-dns-service-types@1.1.0 OK for: bonjour@3.5.0 want: ^1.1.0
220 silly fetch manifest is-arguments@^1.1.1
221 silly packumentCache full:https://registry.npmjs.org/is-arguments cache-miss
222 silly fetch manifest is-date-object@^1.0.5
223 silly packumentCache full:https://registry.npmjs.org/is-date-object cache-miss
224 silly fetch manifest is-regex@^1.1.4
225 silly packumentCache full:https://registry.npmjs.org/is-regex cache-miss
226 http fetch GET 200 https://registry.npmjs.org/is-date-object 36ms (cache miss)
227 silly packumentCache full:https://registry.npmjs.org/is-date-object set size:undefined disposed:false
228 silly fetch manifest object-is@^1.1.5
229 silly packumentCache full:https://registry.npmjs.org/object-is cache-miss
230 http fetch GET 200 https://registry.npmjs.org/is-regex 44ms (cache updated)
231 silly packumentCache full:https://registry.npmjs.org/is-regex set size:undefined disposed:false
232 silly fetch manifest object-keys@^1.1.1
233 silly packumentCache full:https://registry.npmjs.org/object-keys cache-miss
234 http fetch GET 200 https://registry.npmjs.org/is-arguments 59ms (cache updated)
235 silly packumentCache full:https://registry.npmjs.org/is-arguments set size:undefined disposed:false
236 silly fetch manifest regexp.prototype.flags@^1.5.1
237 silly packumentCache full:https://registry.npmjs.org/regexp.prototype.flags cache-miss
238 http fetch GET 200 https://registry.npmjs.org/object-keys 33ms (cache updated)
239 silly packumentCache full:https://registry.npmjs.org/object-keys set size:undefined disposed:false
240 silly fetch manifest buffer-indexof@^1.0.0
241 silly packumentCache full:https://registry.npmjs.org/buffer-indexof cache-miss
242 http fetch GET 200 https://registry.npmjs.org/object-is 63ms (cache miss)
243 silly packumentCache full:https://registry.npmjs.org/object-is set size:undefined disposed:false
244 silly fetch manifest dns-packet@^1.3.1
245 silly packumentCache full:https://registry.npmjs.org/dns-packet cache-miss
246 http fetch GET 200 https://registry.npmjs.org/regexp.prototype.flags 45ms (cache miss)
247 silly packumentCache full:https://registry.npmjs.org/regexp.prototype.flags set size:undefined disposed:false
248 http fetch GET 200 https://registry.npmjs.org/buffer-indexof 37ms (cache miss)
249 silly packumentCache full:https://registry.npmjs.org/buffer-indexof set size:undefined disposed:false
250 http fetch GET 200 https://registry.npmjs.org/dns-packet 91ms (cache updated)
251 silly packumentCache full:https://registry.npmjs.org/dns-packet set size:undefined disposed:false
252 silly placeDep ROOT is-arguments@1.2.0 OK for: deep-equal@1.1.2 want: ^1.1.1
253 silly placeDep ROOT is-date-object@1.1.0 OK for: deep-equal@1.1.2 want: ^1.0.5
254 silly placeDep ROOT is-regex@1.2.1 OK for: deep-equal@1.1.2 want: ^1.1.4
255 silly placeDep ROOT object-is@1.1.6 OK for: deep-equal@1.1.2 want: ^1.1.5
256 silly placeDep ROOT object-keys@1.1.1 OK for: deep-equal@1.1.2 want: ^1.1.1
257 silly placeDep ROOT regexp.prototype.flags@1.5.4 OK for: deep-equal@1.1.2 want: ^1.5.1
258 silly fetch manifest call-bound@^1.0.2
259 silly packumentCache full:https://registry.npmjs.org/call-bound cache-miss
260 silly fetch manifest has-tostringtag@^1.0.2
261 silly packumentCache full:https://registry.npmjs.org/has-tostringtag cache-miss
262 silly fetch manifest call-bound@^1.0.2
263 silly packumentCache full:https://registry.npmjs.org/call-bound cache-miss
264 http fetch GET 200 https://registry.npmjs.org/has-tostringtag 43ms (cache updated)
265 silly packumentCache full:https://registry.npmjs.org/has-tostringtag set size:undefined disposed:false
266 silly fetch manifest call-bound@^1.0.2
267 silly packumentCache full:https://registry.npmjs.org/call-bound cache-miss
268 http fetch GET 200 https://registry.npmjs.org/call-bound 47ms (cache updated)
269 silly packumentCache full:https://registry.npmjs.org/call-bound set size:undefined disposed:false
270 silly fetch manifest gopd@^1.2.0
271 silly packumentCache full:https://registry.npmjs.org/gopd cache-miss
272 http fetch GET 200 https://registry.npmjs.org/call-bound 97ms (cache updated)
273 silly packumentCache full:https://registry.npmjs.org/call-bound set size:undefined disposed:false
274 silly fetch manifest hasown@^2.0.2
275 silly packumentCache full:https://registry.npmjs.org/hasown cache-miss
276 http fetch GET 200 https://registry.npmjs.org/call-bound 54ms (cache updated)
277 silly packumentCache full:https://registry.npmjs.org/call-bound set size:undefined disposed:false
278 silly fetch manifest call-bind@^1.0.7
279 silly packumentCache full:https://registry.npmjs.org/call-bind cache-miss
280 http fetch GET 200 https://registry.npmjs.org/gopd 58ms (cache updated)
281 silly packumentCache full:https://registry.npmjs.org/gopd set size:undefined disposed:false
282 silly fetch manifest define-properties@^1.2.1
283 silly packumentCache full:https://registry.npmjs.org/define-properties cache-miss
284 http fetch GET 200 https://registry.npmjs.org/hasown 35ms (cache updated)
285 silly packumentCache full:https://registry.npmjs.org/hasown set size:undefined disposed:false
286 silly fetch manifest call-bind@^1.0.8
287 silly packumentCache full:https://registry.npmjs.org/call-bind cache-miss
288 http fetch GET 200 https://registry.npmjs.org/call-bind 43ms (cache updated)
289 silly packumentCache full:https://registry.npmjs.org/call-bind set size:undefined disposed:false
290 silly fetch manifest define-properties@^1.2.1
291 silly packumentCache full:https://registry.npmjs.org/define-properties cache-miss
292 http fetch GET 200 https://registry.npmjs.org/define-properties 45ms (cache updated)
293 silly packumentCache full:https://registry.npmjs.org/define-properties set size:undefined disposed:false
294 silly fetch manifest es-errors@^1.3.0
295 silly packumentCache full:https://registry.npmjs.org/es-errors cache-miss
296 http fetch GET 200 https://registry.npmjs.org/call-bind 49ms (cache updated)
297 silly packumentCache full:https://registry.npmjs.org/call-bind set size:undefined disposed:false
298 silly fetch manifest get-proto@^1.0.1
299 silly packumentCache full:https://registry.npmjs.org/get-proto cache-miss
300 http fetch GET 200 https://registry.npmjs.org/define-properties 48ms (cache updated)
301 silly packumentCache full:https://registry.npmjs.org/define-properties set size:undefined disposed:false
302 silly fetch manifest set-function-name@^2.0.2
303 silly packumentCache full:https://registry.npmjs.org/set-function-name cache-miss
304 http fetch GET 200 https://registry.npmjs.org/es-errors 48ms (cache updated)
305 silly packumentCache full:https://registry.npmjs.org/es-errors set size:undefined disposed:false
306 http fetch GET 200 https://registry.npmjs.org/get-proto 49ms (cache updated)
307 silly packumentCache full:https://registry.npmjs.org/get-proto set size:undefined disposed:false
308 http fetch GET 200 https://registry.npmjs.org/set-function-name 40ms (cache miss)
309 silly packumentCache full:https://registry.npmjs.org/set-function-name set size:undefined disposed:false
310 silly placeDep ROOT buffer-indexof@1.1.1 OK for: dns-txt@2.0.2 want: ^1.0.0
311 silly placeDep ROOT asynckit@0.4.0 OK for: form-data@4.0.2 want: ^0.4.0
312 silly placeDep ROOT combined-stream@1.0.8 OK for: form-data@4.0.2 want: ^1.0.8
313 silly placeDep ROOT es-set-tostringtag@2.1.0 OK for: form-data@4.0.2 want: ^2.1.0
314 silly placeDep ROOT mime-types@2.1.35 OK for: form-data@4.0.2 want: ^2.1.12
315 silly fetch manifest delayed-stream@~1.0.0
316 silly packumentCache full:https://registry.npmjs.org/delayed-stream cache-miss
317 silly fetch manifest get-intrinsic@^1.2.6
318 silly packumentCache full:https://registry.npmjs.org/get-intrinsic cache-miss
319 silly fetch manifest mime-db@1.52.0
320 silly packumentCache full:https://registry.npmjs.org/mime-db cache-miss
321 http fetch GET 200 https://registry.npmjs.org/get-intrinsic 41ms (cache updated)
322 silly packumentCache full:https://registry.npmjs.org/get-intrinsic set size:undefined disposed:false
323 http fetch GET 200 https://registry.npmjs.org/delayed-stream 46ms (cache updated)
324 silly packumentCache full:https://registry.npmjs.org/delayed-stream set size:undefined disposed:false
325 http fetch GET 200 https://registry.npmjs.org/mime-db 65ms (cache updated)
326 silly packumentCache full:https://registry.npmjs.org/mime-db set size:undefined disposed:false
327 silly placeDep ROOT delayed-stream@1.0.0 OK for: combined-stream@1.0.8 want: ~1.0.0
328 silly placeDep ROOT es-errors@1.3.0 OK for: es-set-tostringtag@2.1.0 want: ^1.3.0
329 silly placeDep ROOT get-intrinsic@1.3.0 OK for: es-set-tostringtag@2.1.0 want: ^1.2.6
330 silly placeDep ROOT has-tostringtag@1.0.2 OK for: es-set-tostringtag@2.1.0 want: ^1.0.2
331 silly placeDep ROOT hasown@2.0.2 OK for: es-set-tostringtag@2.1.0 want: ^2.0.2
332 silly fetch manifest call-bind-apply-helpers@^1.0.2
333 silly packumentCache full:https://registry.npmjs.org/call-bind-apply-helpers cache-miss
334 silly fetch manifest es-define-property@^1.0.1
335 silly packumentCache full:https://registry.npmjs.org/es-define-property cache-miss
336 silly fetch manifest es-object-atoms@^1.1.1
337 silly packumentCache full:https://registry.npmjs.org/es-object-atoms cache-miss
338 http fetch GET 200 https://registry.npmjs.org/call-bind-apply-helpers 46ms (cache updated)
339 silly packumentCache full:https://registry.npmjs.org/call-bind-apply-helpers set size:undefined disposed:false
340 silly fetch manifest function-bind@^1.1.2
341 silly packumentCache full:https://registry.npmjs.org/function-bind cache-miss
342 http fetch GET 200 https://registry.npmjs.org/es-define-property 49ms (cache updated)
343 silly packumentCache full:https://registry.npmjs.org/es-define-property set size:undefined disposed:false
344 silly fetch manifest has-symbols@^1.1.0
345 silly packumentCache full:https://registry.npmjs.org/has-symbols cache-miss
346 http fetch GET 200 https://registry.npmjs.org/es-object-atoms 59ms (cache updated)
347 silly packumentCache full:https://registry.npmjs.org/es-object-atoms set size:undefined disposed:false
348 silly fetch manifest math-intrinsics@^1.1.0
349 silly packumentCache full:https://registry.npmjs.org/math-intrinsics cache-miss
350 http fetch GET 200 https://registry.npmjs.org/function-bind 38ms (cache updated)
351 silly packumentCache full:https://registry.npmjs.org/function-bind set size:undefined disposed:false
352 silly fetch manifest has-symbols@^1.0.3
353 silly packumentCache full:https://registry.npmjs.org/has-symbols cache-miss
354 http fetch GET 200 https://registry.npmjs.org/math-intrinsics 39ms (cache updated)
355 silly packumentCache full:https://registry.npmjs.org/math-intrinsics set size:undefined disposed:false
356 http fetch GET 200 https://registry.npmjs.org/has-symbols 51ms (cache updated)
357 silly packumentCache full:https://registry.npmjs.org/has-symbols set size:undefined disposed:false
358 http fetch GET 200 https://registry.npmjs.org/has-symbols 49ms (cache updated)
359 silly packumentCache full:https://registry.npmjs.org/has-symbols set size:undefined disposed:false
360 silly placeDep ROOT call-bind-apply-helpers@1.0.2 OK for: get-intrinsic@1.3.0 want: ^1.0.2
361 silly placeDep ROOT es-define-property@1.0.1 OK for: get-intrinsic@1.3.0 want: ^1.0.1
362 silly placeDep ROOT es-object-atoms@1.1.1 OK for: get-intrinsic@1.3.0 want: ^1.1.1
363 silly placeDep ROOT function-bind@1.1.2 OK for: get-intrinsic@1.3.0 want: ^1.1.2
364 silly placeDep ROOT get-proto@1.0.1 OK for: get-intrinsic@1.3.0 want: ^1.0.1
365 silly placeDep ROOT gopd@1.2.0 OK for: get-intrinsic@1.3.0 want: ^1.2.0
366 silly placeDep ROOT has-symbols@1.1.0 OK for: get-intrinsic@1.3.0 want: ^1.1.0
367 silly placeDep ROOT math-intrinsics@1.1.0 OK for: get-intrinsic@1.3.0 want: ^1.1.0
368 silly fetch manifest dunder-proto@^1.0.1
369 silly packumentCache full:https://registry.npmjs.org/dunder-proto cache-miss
370 http fetch GET 200 https://registry.npmjs.org/dunder-proto 54ms (cache updated)
371 silly packumentCache full:https://registry.npmjs.org/dunder-proto set size:undefined disposed:false
372 silly placeDep ROOT dunder-proto@1.0.1 OK for: get-proto@1.0.1 want: ^1.0.1
373 silly placeDep ROOT call-bound@1.0.4 OK for: is-arguments@1.2.0 want: ^1.0.2
374 silly placeDep ROOT @hapi/hoek@9.3.0 OK for: joi@17.13.3 want: ^9.3.0
375 silly placeDep ROOT @hapi/topo@5.1.0 OK for: joi@17.13.3 want: ^5.1.0
376 silly placeDep ROOT @sideway/address@4.1.5 OK for: joi@17.13.3 want: ^4.1.5
377 silly placeDep ROOT @sideway/formula@3.0.1 OK for: joi@17.13.3 want: ^3.0.1
378 silly placeDep ROOT @sideway/pinpoint@2.0.0 OK for: joi@17.13.3 want: ^2.0.0
379 silly placeDep ROOT graceful-fs@4.2.11 OK for: lowdb@1.0.0 want: ^4.1.3
380 silly placeDep ROOT is-promise@2.2.2 OK for: lowdb@1.0.0 want: ^2.1.0
381 silly placeDep ROOT pify@3.0.0 OK for: lowdb@1.0.0 want: ^3.0.0
382 silly placeDep ROOT steno@0.4.4 OK for: lowdb@1.0.0 want: ^0.4.1
383 silly placeDep ROOT mime-db@1.52.0 OK for: mime-types@2.1.35 want: 1.52.0
384 silly placeDep ROOT call-bind@1.0.8 OK for: object-is@1.1.6 want: ^1.0.7
385 silly placeDep ROOT define-properties@1.2.1 OK for: object-is@1.1.6 want: ^1.2.1
386 silly fetch manifest set-function-length@^1.2.2
387 silly packumentCache full:https://registry.npmjs.org/set-function-length cache-miss
388 silly fetch manifest define-data-property@^1.0.1
389 silly packumentCache full:https://registry.npmjs.org/define-data-property cache-miss
390 silly fetch manifest has-property-descriptors@^1.0.0
391 silly packumentCache full:https://registry.npmjs.org/has-property-descriptors cache-miss
392 http fetch GET 200 https://registry.npmjs.org/has-property-descriptors 36ms (cache updated)
393 silly packumentCache full:https://registry.npmjs.org/has-property-descriptors set size:undefined disposed:false
394 http fetch GET 200 https://registry.npmjs.org/define-data-property 42ms (cache updated)
395 silly packumentCache full:https://registry.npmjs.org/define-data-property set size:undefined disposed:false
396 http fetch GET 200 https://registry.npmjs.org/set-function-length 44ms (cache updated)
397 silly packumentCache full:https://registry.npmjs.org/set-function-length set size:undefined disposed:false
398 silly placeDep ROOT set-function-length@1.2.2 OK for: call-bind@1.0.8 want: ^1.2.2
399 silly fetch manifest define-data-property@^1.1.4
400 silly packumentCache full:https://registry.npmjs.org/define-data-property cache-miss
401 silly fetch manifest has-property-descriptors@^1.0.2
402 silly packumentCache full:https://registry.npmjs.org/has-property-descriptors cache-miss
403 http fetch GET 200 https://registry.npmjs.org/define-data-property 4ms (cache hit)
404 silly packumentCache full:https://registry.npmjs.org/define-data-property set size:28048 disposed:false
405 http fetch GET 200 https://registry.npmjs.org/has-property-descriptors 4ms (cache hit)
406 silly packumentCache full:https://registry.npmjs.org/has-property-descriptors set size:12452 disposed:false
407 silly placeDep ROOT define-data-property@1.1.4 OK for: define-properties@1.2.1 want: ^1.0.1
408 silly placeDep ROOT has-property-descriptors@1.0.2 OK for: define-properties@1.2.1 want: ^1.0.0
409 silly placeDep ROOT set-function-name@2.0.2 OK for: regexp.prototype.flags@1.5.4 want: ^2.0.2
410 silly fetch manifest functions-have-names@^1.2.3
411 silly packumentCache full:https://registry.npmjs.org/functions-have-names cache-miss
412 http fetch GET 200 https://registry.npmjs.org/functions-have-names 30ms (cache miss)
413 silly packumentCache full:https://registry.npmjs.org/functions-have-names set size:undefined disposed:false
414 silly placeDep ROOT brackets2dots@1.1.0 OK for: selectn@1.1.2 want: ^1.1.0
415 silly placeDep ROOT curry2@1.0.3 OK for: selectn@1.1.2 want: ^1.0.0
416 silly placeDep node_modules/selectn debug@2.6.9 OK for: selectn@1.1.2 want: ^2.5.2
417 silly placeDep ROOT dotsplit.js@1.1.0 OK for: selectn@1.1.2 want: ^1.0.3
418 silly fetch manifest fast-bind@^1.0.0
419 silly packumentCache full:https://registry.npmjs.org/fast-bind cache-miss
420 silly fetch manifest ms@2.0.0
421 silly packumentCache full:https://registry.npmjs.org/ms cache-miss
422 http fetch GET 200 https://registry.npmjs.org/ms 41ms (cache updated)
423 silly packumentCache full:https://registry.npmjs.org/ms set size:undefined disposed:false
424 http fetch GET 200 https://registry.npmjs.org/fast-bind 364ms (cache updated)
425 silly packumentCache full:https://registry.npmjs.org/fast-bind set size:undefined disposed:false
426 silly placeDep ROOT fast-bind@1.0.0 OK for: curry2@1.0.3 want: ^1.0.0
427 silly placeDep ROOT functions-have-names@1.2.3 OK for: set-function-name@2.0.2 want: ^1.2.3
428 silly placeDep node_modules/bonjour dns-packet@1.3.4 OK for: multicast-dns@6.2.3 want: ^1.3.1
429 silly fetch manifest ip@^1.1.0
430 silly packumentCache full:https://registry.npmjs.org/ip cache-miss
431 silly fetch manifest safe-buffer@^5.0.1
432 silly packumentCache full:https://registry.npmjs.org/safe-buffer cache-miss
433 http fetch GET 200 https://registry.npmjs.org/ip 35ms (cache miss)
434 silly packumentCache full:https://registry.npmjs.org/ip set size:undefined disposed:false
435 http fetch GET 200 https://registry.npmjs.org/safe-buffer 45ms (cache updated)
436 silly packumentCache full:https://registry.npmjs.org/safe-buffer set size:undefined disposed:false
437 silly placeDep ROOT ip@1.1.9 OK for: dns-packet@1.3.4 want: ^1.1.0
438 silly placeDep ROOT safe-buffer@5.2.1 OK for: dns-packet@1.3.4 want: ^5.0.1
439 silly placeDep node_modules/selectn ms@2.0.0 OK for: debug@2.6.9 want: 2.0.0
440 silly reify moves {}
441 silly tarball no local data for ip@https://registry.npmjs.org/ip/-/ip-1.1.9.tgz. Extracting by manifest.
442 silly tarball no local data for functions-have-names@https://registry.npmjs.org/functions-have-names/-/functions-have-names-1.2.3.tgz. Extracting by manifest.
443 silly tarball no local data for set-function-name@https://registry.npmjs.org/set-function-name/-/set-function-name-2.0.2.tgz. Extracting by manifest.
444 silly tarball no local data for @sideway/pinpoint@https://registry.npmjs.org/@sideway/pinpoint/-/pinpoint-2.0.0.tgz. Extracting by manifest.
445 silly tarball no local data for @sideway/formula@https://registry.npmjs.org/@sideway/formula/-/formula-3.0.1.tgz. Extracting by manifest.
446 silly tarball no local data for @sideway/address@https://registry.npmjs.org/@sideway/address/-/address-4.1.5.tgz. Extracting by manifest.
447 silly tarball no local data for @hapi/topo@https://registry.npmjs.org/@hapi/topo/-/topo-5.1.0.tgz. Extracting by manifest.
448 silly tarball no local data for @hapi/hoek@https://registry.npmjs.org/@hapi/hoek/-/hoek-9.3.0.tgz. Extracting by manifest.
449 silly tarball no local data for es-set-tostringtag@https://registry.npmjs.org/es-set-tostringtag/-/es-set-tostringtag-2.1.0.tgz. Extracting by manifest.
450 silly tarball no local data for buffer-indexof@https://registry.npmjs.org/buffer-indexof/-/buffer-indexof-1.1.1.tgz. Extracting by manifest.
451 silly tarball no local data for regexp.prototype.flags@https://registry.npmjs.org/regexp.prototype.flags/-/regexp.prototype.flags-1.5.4.tgz. Extracting by manifest.
452 silly tarball no local data for object-is@https://registry.npmjs.org/object-is/-/object-is-1.1.6.tgz. Extracting by manifest.
453 silly tarball no local data for is-date-object@https://registry.npmjs.org/is-date-object/-/is-date-object-1.1.0.tgz. Extracting by manifest.
454 silly tarball no local data for multicast-dns-service-types@https://registry.npmjs.org/multicast-dns-service-types/-/multicast-dns-service-types-1.1.0.tgz. Extracting by manifest.
455 silly tarball no local data for dns-txt@https://registry.npmjs.org/dns-txt/-/dns-txt-2.0.2.tgz. Extracting by manifest.
456 silly tarball no local data for dns-equal@https://registry.npmjs.org/dns-equal/-/dns-equal-1.0.0.tgz. Extracting by manifest.
457 silly tarball no local data for deep-equal@https://registry.npmjs.org/deep-equal/-/deep-equal-1.1.2.tgz. Extracting by manifest.
458 silly tarball no local data for array-flatten@https://registry.npmjs.org/array-flatten/-/array-flatten-2.1.2.tgz. Extracting by manifest.
459 silly tarball no local data for proxy-from-env@https://registry.npmjs.org/proxy-from-env/-/proxy-from-env-1.1.0.tgz. Extracting by manifest.
460 silly tarball no local data for form-data@https://registry.npmjs.org/form-data/-/form-data-4.0.2.tgz. Extracting by manifest.
461 silly tarball no local data for ws@https://registry.npmjs.org/ws/-/ws-8.18.0.tgz. Extracting by manifest.
462 silly tarball no local data for timestring@https://registry.npmjs.org/timestring/-/timestring-7.0.0.tgz. Extracting by manifest.
463 silly tarball no local data for slugify@https://registry.npmjs.org/slugify/-/slugify-1.6.6.tgz. Extracting by manifest.
464 silly tarball no local data for selectn@https://registry.npmjs.org/selectn/-/selectn-1.1.2.tgz. Extracting by manifest.
465 silly tarball no local data for mustache@https://registry.npmjs.org/mustache/-/mustache-4.2.0.tgz. Extracting by manifest.
466 silly tarball no local data for joi@https://registry.npmjs.org/joi/-/joi-17.13.3.tgz. Extracting by manifest.
467 silly tarball no local data for home-assistant-js-websocket@https://registry.npmjs.org/home-assistant-js-websocket/-/home-assistant-js-websocket-9.4.0.tgz. Extracting by manifest.
468 silly tarball no local data for geolib@https://registry.npmjs.org/geolib/-/geolib-3.3.4.tgz. Extracting by manifest.
469 silly tarball no local data for flat@https://registry.npmjs.org/flat/-/flat-5.0.2.tgz. Extracting by manifest.
470 silly tarball no local data for cronosjs@https://registry.npmjs.org/cronosjs/-/cronosjs-1.7.1.tgz. Extracting by manifest.
471 silly tarball no local data for compare-versions@https://registry.npmjs.org/compare-versions/-/compare-versions-6.1.1.tgz. Extracting by manifest.
472 silly tarball no local data for bonjour@https://registry.npmjs.org/bonjour/-/bonjour-3.5.0.tgz. Extracting by manifest.
473 silly tarball no local data for axios@https://registry.npmjs.org/axios/-/axios-1.7.7.tgz. Extracting by manifest.
474 silly tarball no local data for node-red-contrib-home-assistant-websocket@https://registry.npmjs.org/node-red-contrib-home-assistant-websocket/-/node-red-contrib-home-assistant-websocket-0.75.0.tgz. Extracting by manifest.
475 silly tarball no local data for dns-packet@https://registry.npmjs.org/dns-packet/-/dns-packet-1.3.4.tgz. Extracting by manifest.
476 silly tarball no local data for multicast-dns@https://registry.npmjs.org/multicast-dns/-/multicast-dns-6.2.3.tgz. Extracting by manifest.
477 silly tarball no local data for debug@https://registry.npmjs.org/debug/-/debug-4.3.7.tgz. Extracting by manifest.
478 http fetch GET 200 https://registry.npmjs.org/functions-have-names/-/functions-have-names-1.2.3.tgz 345ms (cache miss)
479 http fetch GET 200 https://registry.npmjs.org/set-function-name/-/set-function-name-2.0.2.tgz 345ms (cache miss)
480 http fetch GET 200 https://registry.npmjs.org/ip/-/ip-1.1.9.tgz 347ms (cache miss)
481 http fetch GET 200 https://registry.npmjs.org/dns-equal/-/dns-equal-1.0.0.tgz 366ms (cache miss)
482 http fetch GET 200 https://registry.npmjs.org/array-flatten/-/array-flatten-2.1.2.tgz 364ms (cache miss)
483 http fetch GET 200 https://registry.npmjs.org/proxy-from-env/-/proxy-from-env-1.1.0.tgz 399ms (cache miss)
484 http fetch GET 200 https://registry.npmjs.org/form-data/-/form-data-4.0.2.tgz 404ms (cache miss)
485 http fetch GET 200 https://registry.npmjs.org/slugify/-/slugify-1.6.6.tgz 420ms (cache miss)
486 http fetch GET 200 https://registry.npmjs.org/timestring/-/timestring-7.0.0.tgz 422ms (cache miss)
487 http fetch GET 200 https://registry.npmjs.org/deep-equal/-/deep-equal-1.1.2.tgz 432ms (cache miss)
488 http fetch GET 200 https://registry.npmjs.org/@sideway/pinpoint/-/pinpoint-2.0.0.tgz 441ms (cache miss)
489 http fetch GET 200 https://registry.npmjs.org/multicast-dns-service-types/-/multicast-dns-service-types-1.1.0.tgz 435ms (cache miss)
490 http fetch GET 200 https://registry.npmjs.org/dns-txt/-/dns-txt-2.0.2.tgz 437ms (cache miss)
491 http fetch GET 200 https://registry.npmjs.org/@hapi/topo/-/topo-5.1.0.tgz 447ms (cache miss)
492 http fetch GET 200 https://registry.npmjs.org/selectn/-/selectn-1.1.2.tgz 437ms (cache miss)
493 http fetch GET 200 https://registry.npmjs.org/buffer-indexof/-/buffer-indexof-1.1.1.tgz 449ms (cache miss)
494 http fetch GET 200 https://registry.npmjs.org/@sideway/formula/-/formula-3.0.1.tgz 457ms (cache miss)
495 http fetch GET 200 https://registry.npmjs.org/dns-packet/-/dns-packet-1.3.4.tgz 448ms (cache miss)
496 http fetch GET 200 https://registry.npmjs.org/is-date-object/-/is-date-object-1.1.0.tgz 472ms (cache miss)
497 http fetch GET 200 https://registry.npmjs.org/flat/-/flat-5.0.2.tgz 462ms (cache miss)
498 http fetch GET 200 https://registry.npmjs.org/multicast-dns/-/multicast-dns-6.2.3.tgz 457ms (cache miss)
499 http fetch GET 200 https://registry.npmjs.org/es-set-tostringtag/-/es-set-tostringtag-2.1.0.tgz 480ms (cache miss)
500 http fetch GET 200 https://registry.npmjs.org/ws/-/ws-8.18.0.tgz 475ms (cache miss)
501 http fetch GET 200 https://registry.npmjs.org/@sideway/address/-/address-4.1.5.tgz 488ms (cache miss)
502 http fetch GET 200 https://registry.npmjs.org/bonjour/-/bonjour-3.5.0.tgz 472ms (cache miss)
503 http fetch GET 200 https://registry.npmjs.org/object-is/-/object-is-1.1.6.tgz 492ms (cache miss)
504 http fetch GET 200 https://registry.npmjs.org/regexp.prototype.flags/-/regexp.prototype.flags-1.5.4.tgz 494ms (cache miss)
505 http fetch GET 200 https://registry.npmjs.org/debug/-/debug-4.3.7.tgz 476ms (cache miss)
506 http fetch GET 200 https://registry.npmjs.org/mustache/-/mustache-4.2.0.tgz 493ms (cache miss)
507 http fetch GET 200 https://registry.npmjs.org/compare-versions/-/compare-versions-6.1.1.tgz 497ms (cache miss)
508 http fetch GET 200 https://registry.npmjs.org/@hapi/hoek/-/hoek-9.3.0.tgz 523ms (cache miss)
509 http fetch GET 200 https://registry.npmjs.org/home-assistant-js-websocket/-/home-assistant-js-websocket-9.4.0.tgz 522ms (cache miss)
510 http fetch GET 200 https://registry.npmjs.org/cronosjs/-/cronosjs-1.7.1.tgz 523ms (cache miss)
511 http fetch GET 200 https://registry.npmjs.org/geolib/-/geolib-3.3.4.tgz 543ms (cache miss)
512 http fetch GET 200 https://registry.npmjs.org/joi/-/joi-17.13.3.tgz 552ms (cache miss)
513 http fetch GET 200 https://registry.npmjs.org/axios/-/axios-1.7.7.tgz 615ms (cache miss)
514 http fetch GET 200 https://registry.npmjs.org/node-red-contrib-home-assistant-websocket/-/node-red-contrib-home-assistant-websocket-0.75.0.tgz 696ms (cache miss)
515 silly ADD node_modules/safe-buffer
516 silly ADD node_modules/ip
517 silly ADD node_modules/functions-have-names
518 silly ADD node_modules/fast-bind
519 silly ADD node_modules/dotsplit.js
520 silly ADD node_modules/curry2
521 silly ADD node_modules/brackets2dots
522 silly ADD node_modules/set-function-name
523 silly ADD node_modules/has-property-descriptors
524 silly ADD node_modules/define-data-property
525 silly ADD node_modules/set-function-length
526 silly ADD node_modules/define-properties
527 silly ADD node_modules/call-bind
528 silly ADD node_modules/mime-db
529 silly ADD node_modules/steno
530 silly ADD node_modules/pify
531 silly ADD node_modules/is-promise
532 silly ADD node_modules/graceful-fs
533 silly ADD node_modules/@sideway/pinpoint
534 silly ADD node_modules/@sideway/formula
535 silly ADD node_modules/@sideway/address
536 silly ADD node_modules/@hapi/topo
537 silly ADD node_modules/@hapi/hoek
538 silly ADD node_modules/call-bound
539 silly ADD node_modules/dunder-proto
540 silly ADD node_modules/math-intrinsics
541 silly ADD node_modules/has-symbols
542 silly ADD node_modules/gopd
543 silly ADD node_modules/get-proto
544 silly ADD node_modules/function-bind
545 silly ADD node_modules/es-object-atoms
546 silly ADD node_modules/es-define-property
547 silly ADD node_modules/call-bind-apply-helpers
548 silly ADD node_modules/hasown
549 silly ADD node_modules/has-tostringtag
550 silly ADD node_modules/get-intrinsic
551 silly ADD node_modules/es-errors
552 silly ADD node_modules/delayed-stream
553 silly ADD node_modules/mime-types
554 silly ADD node_modules/es-set-tostringtag
555 silly ADD node_modules/combined-stream
556 silly ADD node_modules/asynckit
557 silly ADD node_modules/buffer-indexof
558 silly ADD node_modules/regexp.prototype.flags
559 silly ADD node_modules/object-keys
560 silly ADD node_modules/object-is
561 silly ADD node_modules/is-regex
562 silly ADD node_modules/is-date-object
563 silly ADD node_modules/is-arguments
564 silly ADD node_modules/multicast-dns-service-types
565 silly ADD node_modules/dns-txt
566 silly ADD node_modules/dns-equal
567 silly ADD node_modules/deep-equal
568 silly ADD node_modules/array-flatten
569 silly ADD node_modules/proxy-from-env
570 silly ADD node_modules/form-data
571 silly ADD node_modules/follow-redirects
572 silly ADD node_modules/ws
573 silly ADD node_modules/timestring
574 silly ADD node_modules/slugify
575 silly ADD node_modules/selectn
576 silly ADD node_modules/selectn/node_modules/ms
577 silly ADD node_modules/selectn/node_modules/debug
578 silly ADD node_modules/mustache
579 silly ADD node_modules/lowdb
580 silly ADD node_modules/lodash
581 silly ADD node_modules/joi
582 silly ADD node_modules/home-assistant-js-websocket
583 silly ADD node_modules/geolib
584 silly ADD node_modules/flat
585 silly ADD node_modules/cronosjs
586 silly ADD node_modules/compare-versions
587 silly ADD node_modules/bonjour
588 silly ADD node_modules/bonjour/node_modules/dns-packet
589 silly ADD node_modules/bonjour/node_modules/multicast-dns
590 silly ADD node_modules/axios
591 silly ADD node_modules/node-red-contrib-home-assistant-websocket
592 silly ADD node_modules/node-red-contrib-home-assistant-websocket/node_modules/debug
593 verbose cwd /data
594 verbose os Linux 6.1.0-31-amd64
595 verbose node v20.19.0
596 verbose npm  v10.8.2
597 verbose exit 0
598 info ok
